<?xml version="1.0" encoding="UTF-8"?>
<!-- Generated by org.testng.reporters.JUnitReportReporter -->
<testsuite hostname="LAPTOP-H6EEHRD5" failures="0" tests="1" name="Pack123.ReadExcel" time="1.415" errors="0" timestamp="2022-05-11T16:29:16 IST" skipped="0">
  <testcase classname="Pack123.ReadExcel" name="getData" time="1.415"/>
  <system-out/>
</testsuite> <!-- Pack123.ReadExcel -->
