<?xml version="1.0" encoding="UTF-8"?>
<!-- Generated by org.testng.reporters.JUnitReportReporter -->
<testsuite hostname="LAPTOP-H6EEHRD5" failures="0" tests="7" name="Pack123.Test2" time="293.541" errors="0" timestamp="2022-05-17T08:12:21 IST" skipped="0">
  <testcase classname="Pack123.Test2" name="launchUrl" time="3.768"/>
  <system-out/>
  <testcase classname="Pack123.Test2" name="loginFb" time="76.486"/>
  <system-out/>
  <testcase classname="Pack123.Test2" name="loginFb" time="82.366"/>
  <system-out/>
  <testcase classname="Pack123.Test2" name="loginFb" time="21.176"/>
  <system-out/>
  <testcase classname="Pack123.Test2" name="loginFb" time="22.397"/>
  <system-out/>
  <testcase classname="Pack123.Test2" name="loginFb" time="16.408"/>
  <system-out/>
  <testcase classname="Pack123.Test2" name="loginFbWrongCred" time="70.940"/>
  <system-out/>
</testsuite> <!-- Pack123.Test2 -->
