<?xml version="1.0" encoding="UTF-8"?>
<!-- Generated by org.testng.reporters.JUnitReportReporter -->
<testsuite hostname="LAPTOP-H6EEHRD5" failures="0" tests="3" name="Pack123.Test2" time="56.386" errors="0" timestamp="2022-05-10T12:53:52 IST" skipped="0">
  <testcase classname="Pack123.Test2" name="launchUrl" time="19.608"/>
  <system-out/>
  <testcase classname="Pack123.Test2" name="loginFb" time="23.735"/>
  <system-out/>
  <testcase classname="Pack123.Test2" name="loginFbWrongCred" time="13.043"/>
  <system-out/>
</testsuite> <!-- Pack123.Test2 -->
